info: Bootstrap[0]
      BizCsvAnalyzer booted. Logs at out/logs/app_2025-09-06.log
Unhandled exception. System.DllNotFoundException: Unable to load shared library 'libICE.so.6' or one of its dependencies. In order to help diagnose loading problems, consider using a tool like strace. If you're using glibc, consider setting the LD_DEBUG environment variable: 
/mnt/c/Users/hujik/Documents/MyProgram/Test_LocalLLM/BizCsvAnalyzer/src/bin/Release/net8.0/runtimes/linux-x64/native/libICE.so.6: cannot open shared object file: No such file or directory
/usr/lib/dotnet/shared/Microsoft.NETCore.App/8.0.19/libICE.so.6: cannot open shared object file: No such file or directory
/mnt/c/Users/hujik/Documents/MyProgram/Test_LocalLLM/BizCsvAnalyzer/src/bin/Release/net8.0/libICE.so.6: cannot open shared object file: No such file or directory
/mnt/c/Users/hujik/Documents/MyProgram/Test_LocalLLM/BizCsvAnalyzer/src/bin/Release/net8.0/runtimes/linux-x64/native/liblibICE.so.6: cannot open shared object file: No such file or directory
/usr/lib/dotnet/shared/Microsoft.NETCore.App/8.0.19/liblibICE.so.6: cannot open shared object file: No such file or directory
/mnt/c/Users/hujik/Documents/MyProgram/Test_LocalLLM/BizCsvAnalyzer/src/bin/Release/net8.0/liblibICE.so.6: cannot open shared object file: No such file or directory
/mnt/c/Users/hujik/Documents/MyProgram/Test_LocalLLM/BizCsvAnalyzer/src/bin/Release/net8.0/runtimes/linux-x64/native/libICE.so.6.so: cannot open shared object file: No such file or directory
/usr/lib/dotnet/shared/Microsoft.NETCore.App/8.0.19/libICE.so.6.so: cannot open shared object file: No such file or directory
/mnt/c/Users/hujik/Documents/MyProgram/Test_LocalLLM/BizCsvAnalyzer/src/bin/Release/net8.0/libICE.so.6.so: cannot open shared object file: No such file or directory
/mnt/c/Users/hujik/Documents/MyProgram/Test_LocalLLM/BizCsvAnalyzer/src/bin/Release/net8.0/runtimes/linux-x64/native/liblibICE.so.6.so: cannot open shared object file: No such file or directory
/usr/lib/dotnet/shared/Microsoft.NETCore.App/8.0.19/liblibICE.so.6.so: cannot open shared object file: No such file or directory
/mnt/c/Users/hujik/Documents/MyProgram/Test_LocalLLM/BizCsvAnalyzer/src/bin/Release/net8.0/liblibICE.so.6.so: cannot open shared object file: No such file or directory

   at Avalonia.X11.ICELib.IceAddConnectionWatch(IntPtr watchProc, IntPtr clientData)
   at Avalonia.X11.X11PlatformLifetimeEvents..ctor(AvaloniaX11Platform platform)
   at Avalonia.X11.AvaloniaX11Platform.Initialize(X11PlatformOptions options)
   at Avalonia.AvaloniaX11PlatformExtensions.<>c.<UseX11>b__0_0()
   at Avalonia.AppBuilder.SetupUnsafe()
   at Avalonia.AppBuilder.Setup()
   at Avalonia.AppBuilder.SetupWithLifetime(IApplicationLifetime lifetime)
   at Avalonia.ClassicDesktopStyleApplicationLifetimeExtensions.StartWithClassicDesktopLifetime(AppBuilder builder, String[] args, Action`1 lifetimeBuilder)
   at BizCsvAnalyzer.Program.Main(String[] args) in /mnt/c/Users/hujik/Documents/MyProgram/Test_LocalLLM/BizCsvAnalyzer/src/Program.cs:line 26
